<?xml version="1.0" encoding="UTF-8"?>
<!-- Generated by org.testng.reporters.JUnitReportReporter -->
<testsuite skipped="0" hostname="DESKTOP-MRNVS04" name="package01.TestSendMail3" tests="1" failures="0" timestamp="27 八月 2019 13:21:44 GMT" time="6.291" errors="0">
  <testcase name="main" time="6.291" classname="package01.TestSendMail3"/>
</testsuite> <!-- package01.TestSendMail3 -->
